
*** Running vivado
    with args -log design_1_rom_0_0.vds -m64 -product Vivado -mode batch -messageDb vivado.pb -notrace -source design_1_rom_0_0.tcl


****** Vivado v2017.4 (64-bit)
  **** SW Build 2086221 on Fri Dec 15 20:54:30 MST 2017
  **** IP Build 2085800 on Fri Dec 15 22:25:07 MST 2017
    ** Copyright 1986-2017 Xilinx, Inc. All Rights Reserved.

source design_1_rom_0_0.tcl -notrace
Command: synth_design -top design_1_rom_0_0 -part xc7z010clg400-1 -mode out_of_context
Starting synth_design
Attempting to get a license for feature 'Synthesis' and/or device 'xc7z010'
INFO: [Common 17-349] Got license for feature 'Synthesis' and/or device 'xc7z010'
INFO: Launching helper process for spawning children vivado processes
INFO: Helper process launched with PID 20334 
---------------------------------------------------------------------------------
Starting Synthesize : Time (s): cpu = 00:00:19 ; elapsed = 00:00:20 . Memory (MB): peak = 1256.340 ; gain = 81.996 ; free physical = 989 ; free virtual = 2336
---------------------------------------------------------------------------------
INFO: [Synth 8-638] synthesizing module 'design_1_rom_0_0' [/home/rf/sistemas_digitais/sd_trab_pdi_Operacoes/sd_trab_pdi.srcs/sources_1/bd/design_1/ip/design_1_rom_0_0/synth/design_1_rom_0_0.vhd:64]
	Parameter N bound to: 15 - type: integer 
INFO: [Synth 8-3491] module 'rom' declared at '/home/rf/sistemas_digitais/sd_trab_pdi_Operacoes/sd_trab_pdi.srcs/sources_1/imports/my_lib/rom.vhd:7' bound to instance 'U0' of component 'rom' [/home/rf/sistemas_digitais/sd_trab_pdi_Operacoes/sd_trab_pdi.srcs/sources_1/bd/design_1/ip/design_1_rom_0_0/synth/design_1_rom_0_0.vhd:86]
INFO: [Synth 8-638] synthesizing module 'rom' [/home/rf/sistemas_digitais/sd_trab_pdi_Operacoes/sd_trab_pdi.srcs/sources_1/imports/my_lib/rom.vhd:18]
	Parameter N bound to: 15 - type: integer 
INFO: [Synth 8-256] done synthesizing module 'rom' (1#1) [/home/rf/sistemas_digitais/sd_trab_pdi_Operacoes/sd_trab_pdi.srcs/sources_1/imports/my_lib/rom.vhd:18]
INFO: [Synth 8-256] done synthesizing module 'design_1_rom_0_0' (2#1) [/home/rf/sistemas_digitais/sd_trab_pdi_Operacoes/sd_trab_pdi.srcs/sources_1/bd/design_1/ip/design_1_rom_0_0/synth/design_1_rom_0_0.vhd:64]
---------------------------------------------------------------------------------
Finished Synthesize : Time (s): cpu = 00:00:21 ; elapsed = 00:00:23 . Memory (MB): peak = 1319.168 ; gain = 144.824 ; free physical = 901 ; free virtual = 2270
---------------------------------------------------------------------------------
---------------------------------------------------------------------------------
Finished Constraint Validation : Time (s): cpu = 00:00:22 ; elapsed = 00:00:23 . Memory (MB): peak = 1319.168 ; gain = 144.824 ; free physical = 899 ; free virtual = 2269
---------------------------------------------------------------------------------
---------------------------------------------------------------------------------
Start Loading Part and Timing Information
---------------------------------------------------------------------------------
Loading part: xc7z010clg400-1
---------------------------------------------------------------------------------
Finished Loading Part and Timing Information : Time (s): cpu = 00:00:22 ; elapsed = 00:00:23 . Memory (MB): peak = 1327.172 ; gain = 152.828 ; free physical = 899 ; free virtual = 2269
---------------------------------------------------------------------------------
INFO: [Device 21-403] Loading part xc7z010clg400-1
WARNING: [Synth 8-6014] Unused sequential element dout_reg was removed.  [/home/rf/sistemas_digitais/sd_trab_pdi_Operacoes/sd_trab_pdi.srcs/sources_1/imports/my_lib/rom.vhd:32795]
---------------------------------------------------------------------------------
Finished RTL Optimization Phase 2 : Time (s): cpu = 00:00:26 ; elapsed = 00:00:27 . Memory (MB): peak = 1344.180 ; gain = 169.836 ; free physical = 836 ; free virtual = 2205
---------------------------------------------------------------------------------

Report RTL Partitions: 
+-+--------------+------------+----------+
| |RTL Partition |Replication |Instances |
+-+--------------+------------+----------+
+-+--------------+------------+----------+
No constraint files found.
---------------------------------------------------------------------------------
Start RTL Component Statistics 
---------------------------------------------------------------------------------
Detailed RTL Component Info : 
+---Registers : 
	               24 Bit    Registers := 1     
+---ROMs : 
	                              ROMs := 1     
---------------------------------------------------------------------------------
Finished RTL Component Statistics 
---------------------------------------------------------------------------------
---------------------------------------------------------------------------------
Start RTL Hierarchical Component Statistics 
---------------------------------------------------------------------------------
Hierarchical RTL Component report 
Module rom 
Detailed RTL Component Info : 
+---Registers : 
	               24 Bit    Registers := 1     
+---ROMs : 
	                              ROMs := 1     
---------------------------------------------------------------------------------
Finished RTL Hierarchical Component Statistics
---------------------------------------------------------------------------------
---------------------------------------------------------------------------------
Start Part Resource Summary
---------------------------------------------------------------------------------
Part Resources:
DSPs: 80 (col length:40)
BRAMs: 120 (col length: RAMB18 40 RAMB36 20)
---------------------------------------------------------------------------------
Finished Part Resource Summary
---------------------------------------------------------------------------------
No constraint files found.
---------------------------------------------------------------------------------
Start Cross Boundary and Area Optimization
---------------------------------------------------------------------------------
WARNING: [Synth 8-6014] Unused sequential element U0/dout_reg was removed.  [/home/rf/sistemas_digitais/sd_trab_pdi_Operacoes/sd_trab_pdi.srcs/sources_1/imports/my_lib/rom.vhd:32795]
---------------------------------------------------------------------------------
Finished Cross Boundary and Area Optimization : Time (s): cpu = 00:00:45 ; elapsed = 00:01:17 . Memory (MB): peak = 1465.508 ; gain = 291.164 ; free physical = 395 ; free virtual = 1791
---------------------------------------------------------------------------------
---------------------------------------------------------------------------------
Start ROM, RAM, DSP and Shift Register Reporting
---------------------------------------------------------------------------------

ROM:
+------------+------------+---------------+----------------+
|Module Name | RTL Object | Depth x Width | Implemented As | 
+------------+------------+---------------+----------------+
|rom         | dout_reg   | 32768x24      | Block RAM      | 
+------------+------------+---------------+----------------+

---------------------------------------------------------------------------------
Finished ROM, RAM, DSP and Shift Register Reporting
---------------------------------------------------------------------------------

Report RTL Partitions: 
+-+--------------+------------+----------+
| |RTL Partition |Replication |Instances |
+-+--------------+------------+----------+
+-+--------------+------------+----------+
No constraint files found.
---------------------------------------------------------------------------------
Start Timing Optimization
---------------------------------------------------------------------------------
---------------------------------------------------------------------------------
Finished Timing Optimization : Time (s): cpu = 00:00:45 ; elapsed = 00:01:18 . Memory (MB): peak = 1465.508 ; gain = 291.164 ; free physical = 391 ; free virtual = 1787
---------------------------------------------------------------------------------

Report RTL Partitions: 
+-+--------------+------------+----------+
| |RTL Partition |Replication |Instances |
+-+--------------+------------+----------+
+-+--------------+------------+----------+
---------------------------------------------------------------------------------
Start Technology Mapping
---------------------------------------------------------------------------------
INFO: [Synth 8-4480] The timing for the instance U0/dout_reg_0_0 (implemented as a block RAM) might be sub-optimal as no optional output register could be merged into the block ram. Providing additional output register may help in improving timing.
INFO: [Synth 8-4480] The timing for the instance U0/dout_reg_0_1 (implemented as a block RAM) might be sub-optimal as no optional output register could be merged into the block ram. Providing additional output register may help in improving timing.
INFO: [Synth 8-4480] The timing for the instance U0/dout_reg_0_2 (implemented as a block RAM) might be sub-optimal as no optional output register could be merged into the block ram. Providing additional output register may help in improving timing.
INFO: [Synth 8-4480] The timing for the instance U0/dout_reg_0_3 (implemented as a block RAM) might be sub-optimal as no optional output register could be merged into the block ram. Providing additional output register may help in improving timing.
INFO: [Synth 8-4480] The timing for the instance U0/dout_reg_0_4 (implemented as a block RAM) might be sub-optimal as no optional output register could be merged into the block ram. Providing additional output register may help in improving timing.
INFO: [Synth 8-4480] The timing for the instance U0/dout_reg_0_5 (implemented as a block RAM) might be sub-optimal as no optional output register could be merged into the block ram. Providing additional output register may help in improving timing.
INFO: [Synth 8-4480] The timing for the instance U0/dout_reg_0_6 (implemented as a block RAM) might be sub-optimal as no optional output register could be merged into the block ram. Providing additional output register may help in improving timing.
INFO: [Synth 8-4480] The timing for the instance U0/dout_reg_0_7 (implemented as a block RAM) might be sub-optimal as no optional output register could be merged into the block ram. Providing additional output register may help in improving timing.
INFO: [Synth 8-4480] The timing for the instance U0/dout_reg_0_8 (implemented as a block RAM) might be sub-optimal as no optional output register could be merged into the block ram. Providing additional output register may help in improving timing.
INFO: [Synth 8-4480] The timing for the instance U0/dout_reg_0_9 (implemented as a block RAM) might be sub-optimal as no optional output register could be merged into the block ram. Providing additional output register may help in improving timing.
INFO: [Synth 8-4480] The timing for the instance U0/dout_reg_0_10 (implemented as a block RAM) might be sub-optimal as no optional output register could be merged into the block ram. Providing additional output register may help in improving timing.
INFO: [Synth 8-4480] The timing for the instance U0/dout_reg_0_11 (implemented as a block RAM) might be sub-optimal as no optional output register could be merged into the block ram. Providing additional output register may help in improving timing.
INFO: [Synth 8-4480] The timing for the instance U0/dout_reg_0_12 (implemented as a block RAM) might be sub-optimal as no optional output register could be merged into the block ram. Providing additional output register may help in improving timing.
INFO: [Synth 8-4480] The timing for the instance U0/dout_reg_0_13 (implemented as a block RAM) might be sub-optimal as no optional output register could be merged into the block ram. Providing additional output register may help in improving timing.
INFO: [Synth 8-4480] The timing for the instance U0/dout_reg_0_14 (implemented as a block RAM) might be sub-optimal as no optional output register could be merged into the block ram. Providing additional output register may help in improving timing.
INFO: [Synth 8-4480] The timing for the instance U0/dout_reg_0_15 (implemented as a block RAM) might be sub-optimal as no optional output register could be merged into the block ram. Providing additional output register may help in improving timing.
INFO: [Synth 8-4480] The timing for the instance U0/dout_reg_0_16 (implemented as a block RAM) might be sub-optimal as no optional output register could be merged into the block ram. Providing additional output register may help in improving timing.
INFO: [Synth 8-4480] The timing for the instance U0/dout_reg_0_17 (implemented as a block RAM) might be sub-optimal as no optional output register could be merged into the block ram. Providing additional output register may help in improving timing.
INFO: [Synth 8-4480] The timing for the instance U0/dout_reg_0_18 (implemented as a block RAM) might be sub-optimal as no optional output register could be merged into the block ram. Providing additional output register may help in improving timing.
INFO: [Synth 8-4480] The timing for the instance U0/dout_reg_0_19 (implemented as a block RAM) might be sub-optimal as no optional output register could be merged into the block ram. Providing additional output register may help in improving timing.
INFO: [Synth 8-4480] The timing for the instance U0/dout_reg_0_20 (implemented as a block RAM) might be sub-optimal as no optional output register could be merged into the block ram. Providing additional output register may help in improving timing.
INFO: [Synth 8-4480] The timing for the instance U0/dout_reg_0_21 (implemented as a block RAM) might be sub-optimal as no optional output register could be merged into the block ram. Providing additional output register may help in improving timing.
INFO: [Synth 8-4480] The timing for the instance U0/dout_reg_0_22 (implemented as a block RAM) might be sub-optimal as no optional output register could be merged into the block ram. Providing additional output register may help in improving timing.
INFO: [Synth 8-4480] The timing for the instance U0/dout_reg_0_23 (implemented as a block RAM) might be sub-optimal as no optional output register could be merged into the block ram. Providing additional output register may help in improving timing.
---------------------------------------------------------------------------------
Finished Technology Mapping : Time (s): cpu = 00:00:53 ; elapsed = 00:01:26 . Memory (MB): peak = 1473.516 ; gain = 299.172 ; free physical = 346 ; free virtual = 1742
---------------------------------------------------------------------------------

Report RTL Partitions: 
+-+--------------+------------+----------+
| |RTL Partition |Replication |Instances |
+-+--------------+------------+----------+
+-+--------------+------------+----------+
---------------------------------------------------------------------------------
Start IO Insertion
---------------------------------------------------------------------------------
---------------------------------------------------------------------------------
Start Flattening Before IO Insertion
---------------------------------------------------------------------------------
---------------------------------------------------------------------------------
Finished Flattening Before IO Insertion
---------------------------------------------------------------------------------
---------------------------------------------------------------------------------
Start Final Netlist Cleanup
---------------------------------------------------------------------------------
---------------------------------------------------------------------------------
Finished Final Netlist Cleanup
---------------------------------------------------------------------------------
---------------------------------------------------------------------------------
Finished IO Insertion : Time (s): cpu = 00:01:00 ; elapsed = 00:01:33 . Memory (MB): peak = 1473.516 ; gain = 299.172 ; free physical = 307 ; free virtual = 1709
---------------------------------------------------------------------------------

Report Check Netlist: 
+------+------------------+-------+---------+-------+------------------+
|      |Item              |Errors |Warnings |Status |Description       |
+------+------------------+-------+---------+-------+------------------+
|1     |multi_driven_nets |      0|        0|Passed |Multi driven nets |
+------+------------------+-------+---------+-------+------------------+
---------------------------------------------------------------------------------
Start Renaming Generated Instances
---------------------------------------------------------------------------------
---------------------------------------------------------------------------------
Finished Renaming Generated Instances : Time (s): cpu = 00:01:00 ; elapsed = 00:01:33 . Memory (MB): peak = 1473.516 ; gain = 299.172 ; free physical = 307 ; free virtual = 1709
---------------------------------------------------------------------------------

Report RTL Partitions: 
+-+--------------+------------+----------+
| |RTL Partition |Replication |Instances |
+-+--------------+------------+----------+
+-+--------------+------------+----------+
---------------------------------------------------------------------------------
Start Rebuilding User Hierarchy
---------------------------------------------------------------------------------
---------------------------------------------------------------------------------
Finished Rebuilding User Hierarchy : Time (s): cpu = 00:01:00 ; elapsed = 00:01:33 . Memory (MB): peak = 1473.516 ; gain = 299.172 ; free physical = 307 ; free virtual = 1709
---------------------------------------------------------------------------------
---------------------------------------------------------------------------------
Start Renaming Generated Ports
---------------------------------------------------------------------------------
---------------------------------------------------------------------------------
Finished Renaming Generated Ports : Time (s): cpu = 00:01:00 ; elapsed = 00:01:33 . Memory (MB): peak = 1473.516 ; gain = 299.172 ; free physical = 307 ; free virtual = 1709
---------------------------------------------------------------------------------
---------------------------------------------------------------------------------
Start Handling Custom Attributes
---------------------------------------------------------------------------------
---------------------------------------------------------------------------------
Finished Handling Custom Attributes : Time (s): cpu = 00:01:00 ; elapsed = 00:01:33 . Memory (MB): peak = 1473.516 ; gain = 299.172 ; free physical = 307 ; free virtual = 1709
---------------------------------------------------------------------------------
---------------------------------------------------------------------------------
Start Renaming Generated Nets
---------------------------------------------------------------------------------
---------------------------------------------------------------------------------
Finished Renaming Generated Nets : Time (s): cpu = 00:01:00 ; elapsed = 00:01:33 . Memory (MB): peak = 1473.516 ; gain = 299.172 ; free physical = 307 ; free virtual = 1709
---------------------------------------------------------------------------------
---------------------------------------------------------------------------------
Start Writing Synthesis Report
---------------------------------------------------------------------------------

Report BlackBoxes: 
+-+--------------+----------+
| |BlackBox name |Instances |
+-+--------------+----------+
+-+--------------+----------+

Report Cell Usage: 
+------+---------+------+
|      |Cell     |Count |
+------+---------+------+
|1     |RAMB36E1 |    24|
+------+---------+------+

Report Instance Areas: 
+------+---------+-------+------+
|      |Instance |Module |Cells |
+------+---------+-------+------+
|1     |top      |       |    24|
|2     |  U0     |rom    |    24|
+------+---------+-------+------+
---------------------------------------------------------------------------------
Finished Writing Synthesis Report : Time (s): cpu = 00:01:00 ; elapsed = 00:01:33 . Memory (MB): peak = 1473.516 ; gain = 299.172 ; free physical = 307 ; free virtual = 1709
---------------------------------------------------------------------------------
Synthesis finished with 0 errors, 0 critical warnings and 2 warnings.
Synthesis Optimization Runtime : Time (s): cpu = 00:01:00 ; elapsed = 00:01:33 . Memory (MB): peak = 1473.516 ; gain = 299.172 ; free physical = 309 ; free virtual = 1711
Synthesis Optimization Complete : Time (s): cpu = 00:01:00 ; elapsed = 00:01:33 . Memory (MB): peak = 1473.523 ; gain = 299.172 ; free physical = 309 ; free virtual = 1711
INFO: [Project 1-571] Translating synthesized netlist
INFO: [Netlist 29-17] Analyzing 24 Unisim elements for replacement
INFO: [Netlist 29-28] Unisim Transformation completed in 0 CPU seconds
INFO: [Project 1-570] Preparing netlist for logic optimization
INFO: [Opt 31-138] Pushed 0 inverter(s) to 0 load pin(s).
INFO: [Project 1-111] Unisim Transformation Summary:
No Unisim elements were transformed.

INFO: [Common 17-83] Releasing license: Synthesis
38 Infos, 2 Warnings, 0 Critical Warnings and 0 Errors encountered.
synth_design completed successfully
synth_design: Time (s): cpu = 00:01:04 ; elapsed = 00:01:36 . Memory (MB): peak = 1512.516 ; gain = 351.539 ; free physical = 259 ; free virtual = 1661
INFO: [Timing 38-35] Done setting XDC timing constraints.
INFO: [Common 17-1381] The checkpoint '/home/rf/sistemas_digitais/sd_trab_pdi_Operacoes/sd_trab_pdi.runs/design_1_rom_0_0_synth_1/design_1_rom_0_0.dcp' has been generated.
write_checkpoint: Time (s): cpu = 00:00:17 ; elapsed = 00:01:05 . Memory (MB): peak = 1961.035 ; gain = 448.520 ; free physical = 112 ; free virtual = 526
INFO: [Common 17-1381] The checkpoint '/home/rf/sistemas_digitais/sd_trab_pdi_Operacoes/sd_trab_pdi.runs/design_1_rom_0_0_synth_1/design_1_rom_0_0.dcp' has been generated.
INFO: [runtcl-4] Executing : report_utilization -file design_1_rom_0_0_utilization_synth.rpt -pb design_1_rom_0_0_utilization_synth.pb
report_utilization: Time (s): cpu = 00:00:00.22 ; elapsed = 00:00:08 . Memory (MB): peak = 1961.035 ; gain = 0.000 ; free physical = 1690 ; free virtual = 2174
report_utilization: Time (s): cpu = 00:00:00.22 ; elapsed = 00:00:08 . Memory (MB): peak = 1961.035 ; gain = 0.000 ; free physical = 1691 ; free virtual = 2175
INFO: [Common 17-206] Exiting Vivado at Sun Jun 23 15:58:08 2019...
